<?xml version="1.0" encoding="UTF-8" ?>
<testsuite tests="19" failures="0" name="ech.dao.java.order.OrderTest" time="0.031" errors="0" skipped="0">
  <properties>
    <property name="java.runtime.name" value="Java(TM) SE Runtime Environment"/>
    <property name="java.vm.version" value="13+33"/>
    <property name="sun.boot.library.path" value="C:\Program Files\Java\jdk-13\bin"/>
    <property name="maven.multiModuleProjectDirectory" value="C:\Users\ethan\OneDrive\Desktop\CODE\ECH_JDBC_Assignment"/>
    <property name="java.vm.vendor" value="Oracle Corporation"/>
    <property name="java.vendor.url" value="https://java.oracle.com/"/>
    <property name="guice.disable.misplaced.annotation.check" value="true"/>
    <property name="path.separator" value=";"/>
    <property name="java.vm.name" value="Java HotSpot(TM) 64-Bit Server VM"/>
    <property name="sun.os.patch.level" value=""/>
    <property name="user.script" value=""/>
    <property name="user.country" value="US"/>
    <property name="sun.java.launcher" value="SUN_STANDARD"/>
    <property name="java.vm.specification.name" value="Java Virtual Machine Specification"/>
    <property name="user.dir" value="C:\Users\ethan\OneDrive\Desktop\CODE\ECH_JDBC_Assignment"/>
    <property name="java.vm.compressedOopsMode" value="32-bit"/>
    <property name="java.runtime.version" value="13+33"/>
    <property name="os.arch" value="amd64"/>
    <property name="java.io.tmpdir" value="C:\Users\ethan\AppData\Local\Temp\"/>
    <property name="line.separator" value="
"/>
    <property name="java.vm.specification.vendor" value="Oracle Corporation"/>
    <property name="user.variant" value=""/>
    <property name="os.name" value="Windows 10"/>
    <property name="maven.ext.class.path" value="C:\Program Files\NetBeans-11.2\netbeans\java\maven-nblib\netbeans-eventspy.jar;C:\Program Files\NetBeans-11.2\netbeans\java\maven-nblib\netbeans-eventspy.jar"/>
    <property name="classworlds.conf" value="C:\Program Files\NetBeans-11.2\netbeans\java\maven\bin\m2.conf"/>
    <property name="sun.jnu.encoding" value="Cp1252"/>
    <property name="java.library.path" value="C:\Program Files\Java\jdk-13\bin;C:\WINDOWS\Sun\Java\bin;C:\WINDOWS\system32;C:\WINDOWS;C:\WINDOWS\system32;C:\WINDOWS;C:\WINDOWS\System32\Wbem;C:\WINDOWS\System32\WindowsPowerShell\v1.0\;C:\WINDOWS\System32\OpenSSH\;C:\Program Files\NVIDIA Corporation\NVIDIA NvDLISR;C:\Program Files (x86)\NVIDIA Corporation\PhysX\Common;C:\Program Files\dotnet\;C:\Program Files\Microsoft SQL Server\130\Tools\Binn\;C:\Program Files\Microsoft SQL Server\Client SDK\ODBC\170\Tools\Binn\;C:\Program Files\Git\cmd;C:\Program Files (x86)\Microsoft SQL Server\150\DTS\Binn\;C:\Program Files\nodejs\;C:\Program Files\Microsoft SQL Server\Client SDK\ODBC\130\Tools\Binn\;C:\Program Files (x86)\Microsoft SQL Server\140\Tools\Binn\;C:\Program Files\Microsoft SQL Server\140\Tools\Binn\;C:\Program Files\Microsoft SQL Server\140\DTS\Binn\;C:\Program Files (x86)\Microsoft SQL Server\150\Tools\Binn\;C:\Program Files\Microsoft SQL Server\150\Tools\Binn\;C:\Program Files\Microsoft SQL Server\150\DTS\Binn\;C:\Users\ethan\AppData\Local\Microsoft\WindowsApps;C:\Users\ethan\AppData\Roaming\npm;C:\Users\ethan\AppData\Local\Programs\Microsoft VS Code\bin;."/>
    <property name="jdk.debug" value="release"/>
    <property name="java.class.version" value="57.0"/>
    <property name="java.specification.name" value="Java Platform API Specification"/>
    <property name="sun.management.compiler" value="HotSpot 64-Bit Tiered Compilers"/>
    <property name="os.version" value="10.0"/>
    <property name="user.home" value="C:\Users\ethan"/>
    <property name="user.timezone" value="America/Chicago"/>
    <property name="file.encoding" value="UTF-8"/>
    <property name="java.specification.version" value="13"/>
    <property name="user.name" value="ethan"/>
    <property name="java.class.path" value="C:\Program Files\NetBeans-11.2\netbeans\java\maven\boot\plexus-classworlds-2.5.2.jar"/>
    <property name="java.vm.specification.version" value="13"/>
    <property name="sun.arch.data.model" value="64"/>
    <property name="sun.java.command" value="org.codehaus.plexus.classworlds.launcher.Launcher -Dmaven.ext.class.path=C:\Program Files\NetBeans-11.2\netbeans\java\maven-nblib\netbeans-eventspy.jar;C:\Program Files\NetBeans-11.2\netbeans\java\maven-nblib\netbeans-eventspy.jar -Dfile.encoding=UTF-8 test"/>
    <property name="java.home" value="C:\Program Files\Java\jdk-13"/>
    <property name="user.language" value="en"/>
    <property name="java.specification.vendor" value="Oracle Corporation"/>
    <property name="java.vm.info" value="mixed mode, sharing"/>
    <property name="java.version" value="13"/>
    <property name="java.vendor" value="Oracle Corporation"/>
    <property name="maven.home" value="C:\Program Files\NetBeans-11.2\netbeans\java\maven"/>
    <property name="file.separator" value="\"/>
    <property name="java.version.date" value="2019-09-17"/>
    <property name="java.vendor.url.bug" value="https://bugreport.java.com/bugreport/"/>
    <property name="sun.io.unicode.encoding" value="UnicodeLittle"/>
    <property name="sun.cpu.endian" value="little"/>
    <property name="sun.cpu.isalist" value="amd64"/>
  </properties>
  <testcase classname="ech.dao.java.order.OrderTest" name="ech.dao.java.order.OrderTest.testSetIdArbitraryGood" time="0"/>
  <testcase classname="ech.dao.java.order.OrderTest" name="ech.dao.java.order.OrderTest.testSetOrderNumberPositive" time="0"/>
  <testcase classname="ech.dao.java.order.OrderTest" name="ech.dao.java.order.OrderTest.testSetOrderNumberZero" time="0"/>
  <testcase classname="ech.dao.java.order.OrderTest" name="ech.dao.java.order.OrderTest.testSetVendorIdNetative" time="0"/>
  <testcase classname="ech.dao.java.order.OrderTest" name="ech.dao.java.order.OrderTest.testSetIdArbitraryBad" time="0"/>
  <testcase classname="ech.dao.java.order.OrderTest" name="ech.dao.java.order.OrderTest.testSetOrderNumberNetative" time="0"/>
  <testcase classname="ech.dao.java.order.OrderTest" name="ech.dao.java.order.OrderTest.testSetOrderNumberArbitraryGood" time="0"/>
  <testcase classname="ech.dao.java.order.OrderTest" name="ech.dao.java.order.OrderTest.testSetOrderNumberArbitraryBad" time="0"/>
  <testcase classname="ech.dao.java.order.OrderTest" name="ech.dao.java.order.OrderTest.testGetId" time="0"/>
  <testcase classname="ech.dao.java.order.OrderTest" name="ech.dao.java.order.OrderTest.testSetOrderNumber" time="0"/>
  <testcase classname="ech.dao.java.order.OrderTest" name="ech.dao.java.order.OrderTest.testGetOrderDate" time="0.016"/>
  <testcase classname="ech.dao.java.order.OrderTest" name="ech.dao.java.order.OrderTest.testSetIdPositive" time="0"/>
  <testcase classname="ech.dao.java.order.OrderTest" name="ech.dao.java.order.OrderTest.testSetIdNegative" time="0"/>
  <testcase classname="ech.dao.java.order.OrderTest" name="ech.dao.java.order.OrderTest.testSetIdID" time="0"/>
  <testcase classname="ech.dao.java.order.OrderTest" name="ech.dao.java.order.OrderTest.testSetVendorId" time="0"/>
  <testcase classname="ech.dao.java.order.OrderTest" name="ech.dao.java.order.OrderTest.testSetIdZero" time="0"/>
  <testcase classname="ech.dao.java.order.OrderTest" name="ech.dao.java.order.OrderTest.testGetVendorId" time="0"/>
  <testcase classname="ech.dao.java.order.OrderTest" name="ech.dao.java.order.OrderTest.testCompareTo" time="0.015"/>
  <testcase classname="ech.dao.java.order.OrderTest" name="ech.dao.java.order.OrderTest.testGetOrderNumber" time="0"/>
</testsuite>